2012-09-25T16:14:36-04:00 DEBUG (7): contacts.php line 35 - starting process from = 2012-09-24 and to = 2012-09-25
2012-09-25T16:14:37-04:00 INFO (6): Preparing to process: <lightgreen>1996</lightgreen>
2012-09-25T16:14:37-04:00 INFO (6): contacts.php line 95 - Rowset size = 100
2012-09-25T16:14:37-04:00 INFO (6):   Processed: <white> 0.00</white>% (<yellow>0</yellow>)
2012-09-25T16:14:37-04:00 INFO (6): contacts.php line 95 - Rowset size = 100
2012-09-25T16:14:37-04:00 INFO (6):   Processed: <white> 0.00</white>% (<yellow>0</yellow>)
2012-09-25T16:14:37-04:00 INFO (6): contacts.php line 95 - Rowset size = 100
2012-09-25T16:14:37-04:00 INFO (6):   Processed: <white> 0.00</white>% (<yellow>0</yellow>)
2012-09-25T16:14:37-04:00 INFO (6): contacts.php line 95 - Rowset size = 100
2012-09-25T16:14:37-04:00 INFO (6):   Processed: <white> 0.00</white>% (<yellow>0</yellow>)
2012-09-25T16:14:37-04:00 INFO (6): contacts.php line 95 - Rowset size = 100
2012-09-25T16:14:37-04:00 INFO (6):   Processed: <white> 0.00</white>% (<yellow>0</yellow>)
2012-09-25T16:14:37-04:00 INFO (6): contacts.php line 95 - Rowset size = 100
2012-09-25T16:14:37-04:00 INFO (6):   Processed: <white> 0.00</white>% (<yellow>0</yellow>)
2012-09-25T16:14:37-04:00 INFO (6): contacts.php line 95 - Rowset size = 100
2012-09-25T16:14:37-04:00 INFO (6):   Processed: <white> 0.00</white>% (<yellow>0</yellow>)
2012-09-25T16:14:37-04:00 INFO (6): contacts.php line 95 - Rowset size = 100
2012-09-25T16:14:37-04:00 INFO (6):   Processed: <white> 0.00</white>% (<yellow>0</yellow>)
2012-09-25T16:14:37-04:00 INFO (6): contacts.php line 95 - Rowset size = 17
2012-09-25T16:14:37-04:00 INFO (6):   Processed: <white> 0.00</white>% (<yellow>0</yellow>)
2012-09-25T16:14:37-04:00 INFO (6): Contacts found after looking through activities = 817
2012-09-25T16:14:37-04:00 INFO (6): Contacts found after looking through deliveries = 817
2012-09-25T16:14:37-04:00 INFO (6):     Found <green>100/817</green>
2012-09-25T16:14:39-04:00 INFO (6):     Found <green>100/817</green>
2012-09-25T16:14:41-04:00 INFO (6):     Found <green>100/817</green>
2012-09-25T16:14:43-04:00 INFO (6):     Found <green>100/817</green>
2012-09-25T16:14:45-04:00 INFO (6):     Found <green>100/817</green>
2012-09-25T16:14:47-04:00 INFO (6):     Found <green>100/817</green>
2012-09-25T16:14:49-04:00 INFO (6):     Found <green>100/817</green>
2012-09-25T16:14:51-04:00 INFO (6):     Found <green>100/817</green>
2012-09-25T16:14:53-04:00 INFO (6):     Found <green>17/817</green>
2012-09-25T16:14:53-04:00 INFO (6): <white ongreen>Finished</white ongreen> <white>=)</white>
2012-09-25T16:14:53-04:00 DEBUG (7): Total Processed: 817
2012-09-25T16:14:53-04:00 DEBUG (7): Total Time:      16.89 secs
2012-09-25T16:14:53-04:00 DEBUG (7): contacts.php line 236 - calling export.php with from = 2012-09-24 and to = 2012-09-25
