2012-09-26T03:13:58-04:00 DEBUG (7): contacts.php line 35 - starting process from = 2012-09-25 and to = 2012-09-26
2012-09-26T03:13:58-04:00 INFO (6): Preparing to process: <lightgreen>12180</lightgreen>
2012-09-26T03:13:58-04:00 INFO (6): contacts.php line 95 - Rowset size = 100
2012-09-26T03:13:58-04:00 INFO (6):   Processed: <white> 0.00</white>% (<yellow>0</yellow>)
2012-09-26T03:13:58-04:00 INFO (6): contacts.php line 95 - Rowset size = 100
2012-09-26T03:13:58-04:00 INFO (6):   Processed: <white> 0.00</white>% (<yellow>0</yellow>)
2012-09-26T03:13:58-04:00 INFO (6): contacts.php line 95 - Rowset size = 100
2012-09-26T03:13:58-04:00 INFO (6):   Processed: <white> 0.00</white>% (<yellow>0</yellow>)
2012-09-26T03:13:58-04:00 INFO (6): contacts.php line 95 - Rowset size = 100
2012-09-26T03:13:58-04:00 INFO (6):   Processed: <white> 0.00</white>% (<yellow>0</yellow>)
2012-09-26T03:13:59-04:00 INFO (6): contacts.php line 95 - Rowset size = 95
2012-09-26T03:13:59-04:00 INFO (6):   Processed: <white> 0.00</white>% (<yellow>0</yellow>)
2012-09-26T03:13:59-04:00 INFO (6): Contacts found after looking through activities = 495
2012-09-26T03:13:59-04:00 INFO (6): Contacts found after looking through deliveries = 495
2012-09-26T03:14:02-04:00 INFO (6):     Found <green>100/495</green>
2012-09-26T03:14:05-04:00 INFO (6):     Found <green>100/495</green>
2012-09-26T03:14:07-04:00 INFO (6):     Found <green>100/495</green>
2012-09-26T03:14:12-04:00 INFO (6):     Found <green>100/495</green>
2012-09-26T03:14:17-04:00 INFO (6):     Found <green>95/495</green>
2012-09-26T03:14:19-04:00 INFO (6): <white ongreen>Finished</white ongreen> <white>=)</white>
2012-09-26T03:14:19-04:00 DEBUG (7): Total Processed: 495
2012-09-26T03:14:19-04:00 DEBUG (7): Total Time:      20.09 secs
2012-09-26T03:14:19-04:00 DEBUG (7): contacts.php line 236 - calling export.php with from = 2012-09-25 and to = 2012-09-26
