[1;30m2012-09-25T16:14:04-04:00[0m [0;36mINFO:[0m Starting [1;33msend[0m Activities...
[1;30m2012-09-25T16:14:04-04:00[0m [0;36mINFO:[0m   Page: [0;32m0001[0m Date: [0;32m2012-09-24[0m Total: [0;32m0[0m
[1;30m2012-09-25T16:14:15-04:00[0m [0;36mINFO:[0m   Got activityDate [0;35m2012-09-25T04:04:15.975Z[0m newer than [0;35m2012-09-25[0m, skipping the rest...
[1;30m2012-09-25T16:14:15-04:00[0m [0;36mINFO:[0m [1;37;42mFinished[0m [1;37m=)[0m
[1;30m2012-09-25T16:14:15-04:00[0m [0;37mDEBUG:[0m Total Processed: 746
[1;30m2012-09-25T16:14:15-04:00[0m [0;37mDEBUG:[0m Total Time:      13.07 secs
[1;30m2012-09-25T16:14:17-04:00[0m [0;36mINFO:[0m Starting [1;33mopen[0m Activities...
[1;30m2012-09-25T16:14:17-04:00[0m [0;36mINFO:[0m   Page: [0;32m0001[0m Date: [0;32m2012-09-24[0m Total: [0;32m0[0m
[1;30m2012-09-25T16:14:32-04:00[0m [0;36mINFO:[0m   Got activityDate [0;35m2012-09-25T04:06:03Z[0m newer than [0;35m2012-09-25[0m, skipping the rest...
[1;30m2012-09-25T16:14:32-04:00[0m [0;36mINFO:[0m [1;37;42mFinished[0m [1;37m=)[0m
[1;30m2012-09-25T16:14:32-04:00[0m [0;37mDEBUG:[0m Total Processed: 1,126
[1;30m2012-09-25T16:14:32-04:00[0m [0;37mDEBUG:[0m Total Time:      17.61 secs
[1;30m2012-09-25T16:14:33-04:00[0m [0;36mINFO:[0m Starting [1;33mclick[0m Activities...
[1;30m2012-09-25T16:14:33-04:00[0m [0;36mINFO:[0m   Page: [0;32m0001[0m Date: [0;32m2012-09-24[0m Total: [0;32m0[0m
[1;30m2012-09-25T16:14:34-04:00[0m [0;36mINFO:[0m   Got activityDate [0;35m2012-09-25T04:38:33Z[0m newer than [0;35m2012-09-25[0m, skipping the rest...
[1;30m2012-09-25T16:14:34-04:00[0m [0;36mINFO:[0m [1;37;42mFinished[0m [1;37m=)[0m
[1;30m2012-09-25T16:14:34-04:00[0m [0;37mDEBUG:[0m Total Processed: 113
[1;30m2012-09-25T16:14:34-04:00[0m [0;37mDEBUG:[0m Total Time:      1.98 secs
[1;30m2012-09-25T16:14:34-04:00[0m [0;36mINFO:[0m Starting [1;33mbounce[0m Activities...
[1;30m2012-09-25T16:14:34-04:00[0m [0;36mINFO:[0m   Page: [0;32m0001[0m Date: [0;32m2012-09-24[0m Total: [0;32m0[0m
[1;30m2012-09-25T16:14:35-04:00[0m [0;36mINFO:[0m   Got activityDate [0;35m2012-09-25T05:27:34Z[0m newer than [0;35m2012-09-25[0m, skipping the rest...
[1;30m2012-09-25T16:14:36-04:00[0m [0;36mINFO:[0m [1;37;42mFinished[0m [1;37m=)[0m
[1;30m2012-09-25T16:14:36-04:00[0m [0;37mDEBUG:[0m Total Processed: 9
[1;30m2012-09-25T16:14:36-04:00[0m [0;37mDEBUG:[0m Total Time:      1.34 secs
[1;30m2012-09-25T16:14:36-04:00[0m [0;36mINFO:[0m Starting [1;33munsubscribe[0m Activities...
[1;30m2012-09-25T16:14:36-04:00[0m [0;36mINFO:[0m   Page: [0;32m0001[0m Date: [0;32m2012-09-24[0m Total: [0;32m0[0m
[1;30m2012-09-25T16:14:36-04:00[0m [0;36mINFO:[0m   Got activityDate [0;35m2012-09-25T05:27:36.479Z[0m newer than [0;35m2012-09-25[0m, skipping the rest...
[1;30m2012-09-25T16:14:36-04:00[0m [0;36mINFO:[0m [1;37;42mFinished[0m [1;37m=)[0m
[1;30m2012-09-25T16:14:36-04:00[0m [0;37mDEBUG:[0m Total Processed: 5
[1;30m2012-09-25T16:14:36-04:00[0m [0;37mDEBUG:[0m Total Time:      0.22 secs
[1;30m2012-09-25T16:14:36-04:00[0m [0;37mDEBUG:[0m Finished all: [0;32m2012-09-24[0m -> [0;32m2012-09-25[0m
[1;30m2012-09-25T16:14:36-04:00[0m [0;37mDEBUG:[0m activites.php line 434 - calling deliveries.php!
[1;30m2012-09-25T16:14:36-04:00[0m [0;37mDEBUG:[0m deliveries.php line 76 - starting delivery process with from = 2012-09-24 and to = 2012-09-25
[1;30m2012-09-25T16:14:36-04:00[0m [0;36mINFO:[0m deliveries.php line 88 - Starting Process for forwardtoafriend deliveries
[1;30m2012-09-25T16:14:36-04:00[0m [0;36mINFO:[0m [1;37;42mFinished[0m [1;37m=)[0m
[1;30m2012-09-25T16:14:36-04:00[0m [0;37mDEBUG:[0m Total Processed: 0
[1;30m2012-09-25T16:14:36-04:00[0m [0;37mDEBUG:[0m Total Time:      0.57 secs
[1;30m2012-09-25T16:14:36-04:00[0m [0;37mDEBUG:[0m Finished all: [0;32m2012-09-24[0m -> [0;32m2012-09-25[0m
[1;30m2012-09-25T16:14:36-04:00[0m [0;37mDEBUG:[0m deliveries.php line 378 - calling contacts.php with from = 2012-09-24 and to = 2012-09-25
[1;30m2012-09-25T16:14:36-04:00[0m [0;37mDEBUG:[0m contacts.php line 35 - starting process from = 2012-09-24 and to = 2012-09-25
[1;30m2012-09-25T16:14:37-04:00[0m [0;36mINFO:[0m Preparing to process: [1;32m1996[0m
[1;30m2012-09-25T16:14:37-04:00[0m [0;36mINFO:[0m contacts.php line 95 - Rowset size = 100
[1;30m2012-09-25T16:14:37-04:00[0m [0;36mINFO:[0m   Processed: [1;37m 0.00[0m% ([1;33m0[0m)
[1;30m2012-09-25T16:14:37-04:00[0m [0;36mINFO:[0m contacts.php line 95 - Rowset size = 100
[1;30m2012-09-25T16:14:37-04:00[0m [0;36mINFO:[0m   Processed: [1;37m 0.00[0m% ([1;33m0[0m)
[1;30m2012-09-25T16:14:37-04:00[0m [0;36mINFO:[0m contacts.php line 95 - Rowset size = 100
[1;30m2012-09-25T16:14:37-04:00[0m [0;36mINFO:[0m   Processed: [1;37m 0.00[0m% ([1;33m0[0m)
[1;30m2012-09-25T16:14:37-04:00[0m [0;36mINFO:[0m contacts.php line 95 - Rowset size = 100
[1;30m2012-09-25T16:14:37-04:00[0m [0;36mINFO:[0m   Processed: [1;37m 0.00[0m% ([1;33m0[0m)
[1;30m2012-09-25T16:14:37-04:00[0m [0;36mINFO:[0m contacts.php line 95 - Rowset size = 100
[1;30m2012-09-25T16:14:37-04:00[0m [0;36mINFO:[0m   Processed: [1;37m 0.00[0m% ([1;33m0[0m)
[1;30m2012-09-25T16:14:37-04:00[0m [0;36mINFO:[0m contacts.php line 95 - Rowset size = 100
[1;30m2012-09-25T16:14:37-04:00[0m [0;36mINFO:[0m   Processed: [1;37m 0.00[0m% ([1;33m0[0m)
[1;30m2012-09-25T16:14:37-04:00[0m [0;36mINFO:[0m contacts.php line 95 - Rowset size = 100
[1;30m2012-09-25T16:14:37-04:00[0m [0;36mINFO:[0m   Processed: [1;37m 0.00[0m% ([1;33m0[0m)
[1;30m2012-09-25T16:14:37-04:00[0m [0;36mINFO:[0m contacts.php line 95 - Rowset size = 100
[1;30m2012-09-25T16:14:37-04:00[0m [0;36mINFO:[0m   Processed: [1;37m 0.00[0m% ([1;33m0[0m)
[1;30m2012-09-25T16:14:37-04:00[0m [0;36mINFO:[0m contacts.php line 95 - Rowset size = 17
[1;30m2012-09-25T16:14:37-04:00[0m [0;36mINFO:[0m   Processed: [1;37m 0.00[0m% ([1;33m0[0m)
[1;30m2012-09-25T16:14:37-04:00[0m [0;36mINFO:[0m Contacts found after looking through activities = 817
[1;30m2012-09-25T16:14:37-04:00[0m [0;36mINFO:[0m Contacts found after looking through deliveries = 817
[1;30m2012-09-25T16:14:37-04:00[0m [0;36mINFO:[0m     Found [0;32m100/817[0m
[1;30m2012-09-25T16:14:39-04:00[0m [0;36mINFO:[0m     Found [0;32m100/817[0m
[1;30m2012-09-25T16:14:41-04:00[0m [0;36mINFO:[0m     Found [0;32m100/817[0m
[1;30m2012-09-25T16:14:43-04:00[0m [0;36mINFO:[0m     Found [0;32m100/817[0m
[1;30m2012-09-25T16:14:45-04:00[0m [0;36mINFO:[0m     Found [0;32m100/817[0m
[1;30m2012-09-25T16:14:47-04:00[0m [0;36mINFO:[0m     Found [0;32m100/817[0m
[1;30m2012-09-25T16:14:49-04:00[0m [0;36mINFO:[0m     Found [0;32m100/817[0m
[1;30m2012-09-25T16:14:51-04:00[0m [0;36mINFO:[0m     Found [0;32m100/817[0m
[1;30m2012-09-25T16:14:53-04:00[0m [0;36mINFO:[0m     Found [0;32m17/817[0m
[1;30m2012-09-25T16:14:53-04:00[0m [0;36mINFO:[0m [1;37;42mFinished[0m [1;37m=)[0m
[1;30m2012-09-25T16:14:53-04:00[0m [0;37mDEBUG:[0m Total Processed: 817
[1;30m2012-09-25T16:14:53-04:00[0m [0;37mDEBUG:[0m Total Time:      16.89 secs
[1;30m2012-09-25T16:14:53-04:00[0m [0;37mDEBUG:[0m contacts.php line 236 - calling export.php with from = 2012-09-24 and to = 2012-09-25
[1;30m2012-09-25T16:14:54-04:00[0m [0;37mDEBUG:[0m export.php line 70 - starting export process with from = 2012-09-24 and to = 2012-09-25
[1;30m2012-09-25T16:14:54-04:00[0m [0;36mINFO:[0m export.php line 291 - Added 1996 rows from Activities for Export
[1;30m2012-09-25T16:14:54-04:00[0m [0;36mINFO:[0m No rows added from Deliveries
[1;30m2012-09-25T16:14:54-04:00[0m [0;36mINFO:[0m /var/www/html/modells/reports/modells_daily_response_file_2012_09_24.txt
[1;30m2012-09-25T16:14:54-04:00[0m [0;36mINFO:[0m [1;37;42mFinished[0m [1;37m=)[0m
[1;30m2012-09-25T16:14:54-04:00[0m [0;37mDEBUG:[0m Total Time:[0m 0.72 secs
