2012-09-27T01:31:52-04:00 DEBUG (7): contacts.php line 35 - starting process from = 2012-09-26 and to = 2012-09-27
2012-09-27T01:31:52-04:00 INFO (6): Preparing to process: <lightgreen>10715</lightgreen>
2012-09-27T01:31:52-04:00 INFO (6): contacts.php line 95 - Rowset size = 100
2012-09-27T01:31:52-04:00 INFO (6):   Processed: <white> 0.00</white>% (<yellow>0</yellow>)
2012-09-27T01:31:52-04:00 INFO (6): contacts.php line 95 - Rowset size = 100
2012-09-27T01:31:52-04:00 INFO (6):   Processed: <white> 0.00</white>% (<yellow>0</yellow>)
2012-09-27T01:31:52-04:00 INFO (6): contacts.php line 95 - Rowset size = 100
2012-09-27T01:31:52-04:00 INFO (6):   Processed: <white> 0.00</white>% (<yellow>0</yellow>)
2012-09-27T01:31:52-04:00 INFO (6): contacts.php line 95 - Rowset size = 100
2012-09-27T01:31:52-04:00 INFO (6):   Processed: <white> 0.00</white>% (<yellow>0</yellow>)
2012-09-27T01:31:53-04:00 INFO (6): contacts.php line 95 - Rowset size = 100
2012-09-27T01:31:53-04:00 INFO (6):   Processed: <white> 0.00</white>% (<yellow>0</yellow>)
2012-09-27T01:31:53-04:00 INFO (6): contacts.php line 95 - Rowset size = 100
2012-09-27T01:31:53-04:00 INFO (6):   Processed: <white> 0.00</white>% (<yellow>0</yellow>)
2012-09-27T01:31:53-04:00 INFO (6): contacts.php line 95 - Rowset size = 6
2012-09-27T01:31:53-04:00 INFO (6):   Processed: <white> 0.00</white>% (<yellow>0</yellow>)
2012-09-27T01:31:53-04:00 INFO (6): Contacts found after looking through activities = 606
2012-09-27T01:31:53-04:00 INFO (6): Contacts found after looking through deliveries = 606
2012-09-27T01:31:55-04:00 INFO (6):     Found <green>100/606</green>
2012-09-27T01:31:59-04:00 INFO (6):     Found <green>100/606</green>
2012-09-27T01:32:02-04:00 INFO (6):     Found <green>100/606</green>
2012-09-27T01:32:04-04:00 INFO (6):     Found <green>100/606</green>
2012-09-27T01:32:09-04:00 INFO (6):     Found <green>100/606</green>
2012-09-27T01:32:15-04:00 INFO (6):     Found <green>100/606</green>
2012-09-27T01:32:16-04:00 INFO (6):     Found <green>6/606</green>
2012-09-27T01:32:17-04:00 INFO (6): <white ongreen>Finished</white ongreen> <white>=)</white>
2012-09-27T01:32:17-04:00 DEBUG (7): Total Processed: 606
2012-09-27T01:32:17-04:00 DEBUG (7): Total Time:      24.39 secs
2012-09-27T01:32:17-04:00 DEBUG (7): contacts.php line 236 - calling export.php with from = 2012-09-26 and to = 2012-09-27
